2021-12-18T16:31:00.364682+09:00 0 [Warning] [MY-010918] [Server] 'default_authentication_plugin' is deprecated and will be removed in a future release. Please use authentication_policy instead.
2021-12-18T16:31:00.365394+09:00 0 [System] [MY-013169] [Server] /usr/sbin/mysqld (mysqld 8.0.27) initializing of server in progress as process 43
2021-12-18T16:31:00.383531+09:00 1 [System] [MY-013576] [InnoDB] InnoDB initialization has started.
2021-12-18T16:31:00.733395+09:00 1 [System] [MY-013577] [InnoDB] InnoDB initialization has ended.
2021-12-18T16:31:01.740300+09:00 0 [Warning] [MY-013746] [Server] A deprecated TLS version TLSv1 is enabled for channel mysql_main
2021-12-18T16:31:01.741050+09:00 0 [Warning] [MY-013746] [Server] A deprecated TLS version TLSv1.1 is enabled for channel mysql_main
2021-12-18T16:31:01.872766+09:00 6 [Warning] [MY-010453] [Server] root@localhost is created with an empty password ! Please consider switching off the --initialize-insecure option.
2021-12-18T16:31:09.001722+09:00 0 [Warning] [MY-010918] [Server] 'default_authentication_plugin' is deprecated and will be removed in a future release. Please use authentication_policy instead.
2021-12-18T16:31:09.001744+09:00 0 [System] [MY-010116] [Server] /usr/sbin/mysqld (mysqld 8.0.27) starting as process 92
2021-12-18T16:31:09.020981+09:00 1 [System] [MY-013576] [InnoDB] InnoDB initialization has started.
2021-12-18T16:31:09.165102+09:00 1 [System] [MY-013577] [InnoDB] InnoDB initialization has ended.
2021-12-18T16:31:09.334901+09:00 0 [Warning] [MY-013746] [Server] A deprecated TLS version TLSv1 is enabled for channel mysql_main
2021-12-18T16:31:09.335604+09:00 0 [Warning] [MY-013746] [Server] A deprecated TLS version TLSv1.1 is enabled for channel mysql_main
2021-12-18T16:31:09.336753+09:00 0 [Warning] [MY-010068] [Server] CA certificate ca.pem is self signed.
2021-12-18T16:31:09.337183+09:00 0 [System] [MY-013602] [Server] Channel mysql_main configured to support TLS. Encrypted connections are now supported for this channel.
2021-12-18T16:31:09.338808+09:00 0 [Warning] [MY-011810] [Server] Insecure configuration for --pid-file: Location '/var/run/mysqld' in the path is accessible to all OS users. Consider choosing a different directory.
2021-12-18T16:31:09.356058+09:00 0 [System] [MY-011323] [Server] X Plugin ready for connections. Socket: /var/run/mysqld/mysqlx.sock
2021-12-18T16:31:09.356220+09:00 0 [System] [MY-010931] [Server] /usr/sbin/mysqld: ready for connections. Version: '8.0.27'  socket: '/var/run/mysqld/mysqld.sock'  port: 0  MySQL Community Server - GPL.
2021-12-18T16:31:16.528809+09:00 13 [System] [MY-013172] [Server] Received SHUTDOWN from user root. Shutting down mysqld (Version: 8.0.27).
2021-12-18T16:31:17.951026+09:00 0 [System] [MY-010910] [Server] /usr/sbin/mysqld: Shutdown complete (mysqld 8.0.27)  MySQL Community Server - GPL.
2021-12-18T16:31:18.771776+09:00 0 [Warning] [MY-010918] [Server] 'default_authentication_plugin' is deprecated and will be removed in a future release. Please use authentication_policy instead.
2021-12-18T16:31:18.771797+09:00 0 [System] [MY-010116] [Server] /usr/sbin/mysqld (mysqld 8.0.27) starting as process 1
2021-12-18T16:31:18.783569+09:00 1 [System] [MY-013576] [InnoDB] InnoDB initialization has started.
2021-12-18T16:31:18.924797+09:00 1 [System] [MY-013577] [InnoDB] InnoDB initialization has ended.
2021-12-18T16:31:19.123919+09:00 0 [Warning] [MY-013746] [Server] A deprecated TLS version TLSv1 is enabled for channel mysql_main
2021-12-18T16:31:19.124633+09:00 0 [Warning] [MY-013746] [Server] A deprecated TLS version TLSv1.1 is enabled for channel mysql_main
2021-12-18T16:31:19.126014+09:00 0 [Warning] [MY-010068] [Server] CA certificate ca.pem is self signed.
2021-12-18T16:31:19.126655+09:00 0 [System] [MY-013602] [Server] Channel mysql_main configured to support TLS. Encrypted connections are now supported for this channel.
2021-12-18T16:31:19.128387+09:00 0 [Warning] [MY-011810] [Server] Insecure configuration for --pid-file: Location '/var/run/mysqld' in the path is accessible to all OS users. Consider choosing a different directory.
2021-12-18T16:31:19.149932+09:00 0 [System] [MY-011323] [Server] X Plugin ready for connections. Bind-address: '::' port: 33060, socket: /var/run/mysqld/mysqlx.sock
2021-12-18T16:31:19.149997+09:00 0 [System] [MY-010931] [Server] /usr/sbin/mysqld: ready for connections. Version: '8.0.27'  socket: '/var/run/mysqld/mysqld.sock'  port: 3306  MySQL Community Server - GPL.
2021-12-18T21:28:23.898490+09:00 0 [System] [MY-013172] [Server] Received SHUTDOWN from user <via user signal>. Shutting down mysqld (Version: 8.0.27).
2021-12-18T21:28:25.098756+09:00 0 [System] [MY-010910] [Server] /usr/sbin/mysqld: Shutdown complete (mysqld 8.0.27)  MySQL Community Server - GPL.
2021-12-18T21:30:57.346722+09:00 0 [Warning] [MY-010918] [Server] 'default_authentication_plugin' is deprecated and will be removed in a future release. Please use authentication_policy instead.
2021-12-18T21:30:57.346834+09:00 0 [System] [MY-013169] [Server] /usr/sbin/mysqld (mysqld 8.0.27) initializing of server in progress as process 43
2021-12-18T21:30:57.358577+09:00 1 [System] [MY-013576] [InnoDB] InnoDB initialization has started.
2021-12-18T21:30:57.763848+09:00 1 [System] [MY-013577] [InnoDB] InnoDB initialization has ended.
2021-12-18T21:30:58.935131+09:00 0 [Warning] [MY-013746] [Server] A deprecated TLS version TLSv1 is enabled for channel mysql_main
2021-12-18T21:30:58.935950+09:00 0 [Warning] [MY-013746] [Server] A deprecated TLS version TLSv1.1 is enabled for channel mysql_main
2021-12-18T21:30:58.980411+09:00 6 [Warning] [MY-010453] [Server] root@localhost is created with an empty password ! Please consider switching off the --initialize-insecure option.
2021-12-18T21:31:08.182363+09:00 0 [Warning] [MY-010918] [Server] 'default_authentication_plugin' is deprecated and will be removed in a future release. Please use authentication_policy instead.
2021-12-18T21:31:08.182425+09:00 0 [System] [MY-010116] [Server] /usr/sbin/mysqld (mysqld 8.0.27) starting as process 92
2021-12-18T21:31:08.204834+09:00 1 [System] [MY-013576] [InnoDB] InnoDB initialization has started.
2021-12-18T21:31:08.385581+09:00 1 [System] [MY-013577] [InnoDB] InnoDB initialization has ended.
2021-12-18T21:31:08.678777+09:00 0 [Warning] [MY-013746] [Server] A deprecated TLS version TLSv1 is enabled for channel mysql_main
2021-12-18T21:31:08.683177+09:00 0 [Warning] [MY-013746] [Server] A deprecated TLS version TLSv1.1 is enabled for channel mysql_main
2021-12-18T21:31:08.684814+09:00 0 [Warning] [MY-010068] [Server] CA certificate ca.pem is self signed.
2021-12-18T21:31:08.685737+09:00 0 [System] [MY-013602] [Server] Channel mysql_main configured to support TLS. Encrypted connections are now supported for this channel.
2021-12-18T21:31:08.688741+09:00 0 [Warning] [MY-011810] [Server] Insecure configuration for --pid-file: Location '/var/run/mysqld' in the path is accessible to all OS users. Consider choosing a different directory.
2021-12-18T21:31:08.731503+09:00 0 [System] [MY-011323] [Server] X Plugin ready for connections. Socket: /var/run/mysqld/mysqlx.sock
2021-12-18T21:31:08.731707+09:00 0 [System] [MY-010931] [Server] /usr/sbin/mysqld: ready for connections. Version: '8.0.27'  socket: '/var/run/mysqld/mysqld.sock'  port: 0  MySQL Community Server - GPL.
2021-12-18T21:31:18.620139+09:00 13 [System] [MY-013172] [Server] Received SHUTDOWN from user root. Shutting down mysqld (Version: 8.0.27).
2021-12-18T21:31:20.246086+09:00 0 [System] [MY-010910] [Server] /usr/sbin/mysqld: Shutdown complete (mysqld 8.0.27)  MySQL Community Server - GPL.
2021-12-18T21:31:20.883571+09:00 0 [Warning] [MY-010918] [Server] 'default_authentication_plugin' is deprecated and will be removed in a future release. Please use authentication_policy instead.
2021-12-18T21:31:20.883637+09:00 0 [System] [MY-010116] [Server] /usr/sbin/mysqld (mysqld 8.0.27) starting as process 1
2021-12-18T21:31:20.897079+09:00 1 [System] [MY-013576] [InnoDB] InnoDB initialization has started.
2021-12-18T21:31:21.074121+09:00 1 [System] [MY-013577] [InnoDB] InnoDB initialization has ended.
2021-12-18T21:31:21.323823+09:00 0 [Warning] [MY-013746] [Server] A deprecated TLS version TLSv1 is enabled for channel mysql_main
2021-12-18T21:31:21.324794+09:00 0 [Warning] [MY-013746] [Server] A deprecated TLS version TLSv1.1 is enabled for channel mysql_main
2021-12-18T21:31:21.326519+09:00 0 [Warning] [MY-010068] [Server] CA certificate ca.pem is self signed.
2021-12-18T21:31:21.327330+09:00 0 [System] [MY-013602] [Server] Channel mysql_main configured to support TLS. Encrypted connections are now supported for this channel.
2021-12-18T21:31:21.330254+09:00 0 [Warning] [MY-011810] [Server] Insecure configuration for --pid-file: Location '/var/run/mysqld' in the path is accessible to all OS users. Consider choosing a different directory.
2021-12-18T21:31:21.359892+09:00 0 [System] [MY-011323] [Server] X Plugin ready for connections. Bind-address: '::' port: 33060, socket: /var/run/mysqld/mysqlx.sock
2021-12-18T21:31:21.360131+09:00 0 [System] [MY-010931] [Server] /usr/sbin/mysqld: ready for connections. Version: '8.0.27'  socket: '/var/run/mysqld/mysqld.sock'  port: 3306  MySQL Community Server - GPL.
2021-12-18T21:40:30.027343+09:00 0 [System] [MY-013172] [Server] Received SHUTDOWN from user <via user signal>. Shutting down mysqld (Version: 8.0.27).
2021-12-18T21:40:30.783712+09:00 0 [System] [MY-010910] [Server] /usr/sbin/mysqld: Shutdown complete (mysqld 8.0.27)  MySQL Community Server - GPL.
2021-12-18T21:40:34.998713+09:00 0 [Warning] [MY-010918] [Server] 'default_authentication_plugin' is deprecated and will be removed in a future release. Please use authentication_policy instead.
2021-12-18T21:40:34.998757+09:00 0 [System] [MY-013169] [Server] /usr/sbin/mysqld (mysqld 8.0.27) initializing of server in progress as process 42
2021-12-18T21:40:35.009500+09:00 1 [System] [MY-013576] [InnoDB] InnoDB initialization has started.
2021-12-18T21:40:35.441606+09:00 1 [System] [MY-013577] [InnoDB] InnoDB initialization has ended.
2021-12-18T21:40:36.639815+09:00 0 [Warning] [MY-013746] [Server] A deprecated TLS version TLSv1 is enabled for channel mysql_main
2021-12-18T21:40:36.640725+09:00 0 [Warning] [MY-013746] [Server] A deprecated TLS version TLSv1.1 is enabled for channel mysql_main
2021-12-18T21:40:36.689863+09:00 6 [Warning] [MY-010453] [Server] root@localhost is created with an empty password ! Please consider switching off the --initialize-insecure option.
2021-12-18T21:40:45.877755+09:00 0 [Warning] [MY-010918] [Server] 'default_authentication_plugin' is deprecated and will be removed in a future release. Please use authentication_policy instead.
2021-12-18T21:40:45.877817+09:00 0 [System] [MY-010116] [Server] /usr/sbin/mysqld (mysqld 8.0.27) starting as process 91
2021-12-18T21:40:45.898432+09:00 1 [System] [MY-013576] [InnoDB] InnoDB initialization has started.
2021-12-18T21:40:46.059393+09:00 1 [System] [MY-013577] [InnoDB] InnoDB initialization has ended.
2021-12-18T21:40:46.342145+09:00 0 [Warning] [MY-013746] [Server] A deprecated TLS version TLSv1 is enabled for channel mysql_main
2021-12-18T21:40:46.343241+09:00 0 [Warning] [MY-013746] [Server] A deprecated TLS version TLSv1.1 is enabled for channel mysql_main
2021-12-18T21:40:46.344970+09:00 0 [Warning] [MY-010068] [Server] CA certificate ca.pem is self signed.
2021-12-18T21:40:46.345796+09:00 0 [System] [MY-013602] [Server] Channel mysql_main configured to support TLS. Encrypted connections are now supported for this channel.
2021-12-18T21:40:46.348553+09:00 0 [Warning] [MY-011810] [Server] Insecure configuration for --pid-file: Location '/var/run/mysqld' in the path is accessible to all OS users. Consider choosing a different directory.
2021-12-18T21:40:46.391280+09:00 0 [System] [MY-011323] [Server] X Plugin ready for connections. Socket: /var/run/mysqld/mysqlx.sock
2021-12-18T21:40:46.391292+09:00 0 [System] [MY-010931] [Server] /usr/sbin/mysqld: ready for connections. Version: '8.0.27'  socket: '/var/run/mysqld/mysqld.sock'  port: 0  MySQL Community Server - GPL.
2021-12-20T13:54:32.145446+09:00 0 [Warning] [MY-010918] [Server] 'default_authentication_plugin' is deprecated and will be removed in a future release. Please use authentication_policy instead.
2021-12-20T13:54:32.146266+09:00 0 [System] [MY-013169] [Server] /usr/sbin/mysqld (mysqld 8.0.27) initializing of server in progress as process 43
2021-12-20T13:54:32.164537+09:00 1 [System] [MY-013576] [InnoDB] InnoDB initialization has started.
2021-12-20T13:54:32.592857+09:00 1 [System] [MY-013577] [InnoDB] InnoDB initialization has ended.
2021-12-20T13:54:33.671341+09:00 0 [Warning] [MY-013746] [Server] A deprecated TLS version TLSv1 is enabled for channel mysql_main
2021-12-20T13:54:33.671977+09:00 0 [Warning] [MY-013746] [Server] A deprecated TLS version TLSv1.1 is enabled for channel mysql_main
2021-12-20T13:54:33.699187+09:00 6 [Warning] [MY-010453] [Server] root@localhost is created with an empty password ! Please consider switching off the --initialize-insecure option.
2021-12-20T13:54:40.877468+09:00 0 [Warning] [MY-010918] [Server] 'default_authentication_plugin' is deprecated and will be removed in a future release. Please use authentication_policy instead.
2021-12-20T13:54:40.877492+09:00 0 [System] [MY-010116] [Server] /usr/sbin/mysqld (mysqld 8.0.27) starting as process 92
2021-12-20T13:54:40.896335+09:00 1 [System] [MY-013576] [InnoDB] InnoDB initialization has started.
2021-12-20T13:54:41.044251+09:00 1 [System] [MY-013577] [InnoDB] InnoDB initialization has ended.
2021-12-20T13:54:41.275989+09:00 0 [Warning] [MY-013746] [Server] A deprecated TLS version TLSv1 is enabled for channel mysql_main
2021-12-20T13:54:41.277365+09:00 0 [Warning] [MY-013746] [Server] A deprecated TLS version TLSv1.1 is enabled for channel mysql_main
2021-12-20T13:54:41.279530+09:00 0 [Warning] [MY-010068] [Server] CA certificate ca.pem is self signed.
2021-12-20T13:54:41.280519+09:00 0 [System] [MY-013602] [Server] Channel mysql_main configured to support TLS. Encrypted connections are now supported for this channel.
2021-12-20T13:54:41.282971+09:00 0 [Warning] [MY-011810] [Server] Insecure configuration for --pid-file: Location '/var/run/mysqld' in the path is accessible to all OS users. Consider choosing a different directory.
2021-12-20T13:54:41.305299+09:00 0 [System] [MY-011323] [Server] X Plugin ready for connections. Socket: /var/run/mysqld/mysqlx.sock
2021-12-20T13:54:41.305777+09:00 0 [System] [MY-010931] [Server] /usr/sbin/mysqld: ready for connections. Version: '8.0.27'  socket: '/var/run/mysqld/mysqld.sock'  port: 0  MySQL Community Server - GPL.
2021-12-20T13:54:49.400108+09:00 13 [System] [MY-013172] [Server] Received SHUTDOWN from user root. Shutting down mysqld (Version: 8.0.27).
2021-12-20T13:54:50.809784+09:00 0 [System] [MY-010910] [Server] /usr/sbin/mysqld: Shutdown complete (mysqld 8.0.27)  MySQL Community Server - GPL.
2021-12-20T13:54:51.635298+09:00 0 [Warning] [MY-010918] [Server] 'default_authentication_plugin' is deprecated and will be removed in a future release. Please use authentication_policy instead.
2021-12-20T13:54:51.635320+09:00 0 [System] [MY-010116] [Server] /usr/sbin/mysqld (mysqld 8.0.27) starting as process 1
2021-12-20T13:54:51.647255+09:00 1 [System] [MY-013576] [InnoDB] InnoDB initialization has started.
2021-12-20T13:54:51.801455+09:00 1 [System] [MY-013577] [InnoDB] InnoDB initialization has ended.
2021-12-20T13:54:52.003573+09:00 0 [Warning] [MY-013746] [Server] A deprecated TLS version TLSv1 is enabled for channel mysql_main
2021-12-20T13:54:52.004330+09:00 0 [Warning] [MY-013746] [Server] A deprecated TLS version TLSv1.1 is enabled for channel mysql_main
2021-12-20T13:54:52.006230+09:00 0 [Warning] [MY-010068] [Server] CA certificate ca.pem is self signed.
2021-12-20T13:54:52.006920+09:00 0 [System] [MY-013602] [Server] Channel mysql_main configured to support TLS. Encrypted connections are now supported for this channel.
2021-12-20T13:54:52.009189+09:00 0 [Warning] [MY-011810] [Server] Insecure configuration for --pid-file: Location '/var/run/mysqld' in the path is accessible to all OS users. Consider choosing a different directory.
2021-12-20T13:54:52.033165+09:00 0 [System] [MY-011323] [Server] X Plugin ready for connections. Bind-address: '::' port: 33060, socket: /var/run/mysqld/mysqlx.sock
2021-12-20T13:54:52.033330+09:00 0 [System] [MY-010931] [Server] /usr/sbin/mysqld: ready for connections. Version: '8.0.27'  socket: '/var/run/mysqld/mysqld.sock'  port: 3306  MySQL Community Server - GPL.
2021-12-20T14:15:42.443101+09:00 0 [ERROR] [MY-010095] [Server] Failed to access directory for --secure-file-priv. Please make sure that directory exists and is accessible by MySQL Server. Supplied value : /var/lib/mysql-files
2021-12-20T14:15:42.446642+09:00 0 [ERROR] [MY-010119] [Server] Aborting
2021-12-22T17:05:13.974598+09:00 0 [Warning] [MY-010918] [Server] 'default_authentication_plugin' is deprecated and will be removed in a future release. Please use authentication_policy instead.
2021-12-22T17:05:13.975373+09:00 0 [System] [MY-013169] [Server] /usr/sbin/mysqld (mysqld 8.0.27) initializing of server in progress as process 43
2021-12-22T17:05:13.992590+09:00 1 [System] [MY-013576] [InnoDB] InnoDB initialization has started.
2021-12-22T17:05:14.337828+09:00 1 [System] [MY-013577] [InnoDB] InnoDB initialization has ended.
2021-12-22T17:05:15.066610+09:00 0 [Warning] [MY-013746] [Server] A deprecated TLS version TLSv1 is enabled for channel mysql_main
2021-12-22T17:05:15.067238+09:00 0 [Warning] [MY-013746] [Server] A deprecated TLS version TLSv1.1 is enabled for channel mysql_main
2021-12-22T17:05:15.132226+09:00 6 [Warning] [MY-010453] [Server] root@localhost is created with an empty password ! Please consider switching off the --initialize-insecure option.
2021-12-22T17:05:21.611665+09:00 0 [Warning] [MY-010918] [Server] 'default_authentication_plugin' is deprecated and will be removed in a future release. Please use authentication_policy instead.
2021-12-22T17:05:21.611686+09:00 0 [System] [MY-010116] [Server] /usr/sbin/mysqld (mysqld 8.0.27) starting as process 92
2021-12-22T17:05:21.630988+09:00 1 [System] [MY-013576] [InnoDB] InnoDB initialization has started.
2021-12-22T17:05:21.777755+09:00 1 [System] [MY-013577] [InnoDB] InnoDB initialization has ended.
2021-12-22T17:05:22.009230+09:00 0 [Warning] [MY-013746] [Server] A deprecated TLS version TLSv1 is enabled for channel mysql_main
2021-12-22T17:05:22.010586+09:00 0 [Warning] [MY-013746] [Server] A deprecated TLS version TLSv1.1 is enabled for channel mysql_main
2021-12-22T17:05:22.012503+09:00 0 [Warning] [MY-010068] [Server] CA certificate ca.pem is self signed.
2021-12-22T17:05:22.013261+09:00 0 [System] [MY-013602] [Server] Channel mysql_main configured to support TLS. Encrypted connections are now supported for this channel.
2021-12-22T17:05:22.015877+09:00 0 [Warning] [MY-011810] [Server] Insecure configuration for --pid-file: Location '/var/run/mysqld' in the path is accessible to all OS users. Consider choosing a different directory.
2021-12-22T17:05:22.037248+09:00 0 [System] [MY-011323] [Server] X Plugin ready for connections. Socket: /var/run/mysqld/mysqlx.sock
2021-12-22T17:05:22.037514+09:00 0 [System] [MY-010931] [Server] /usr/sbin/mysqld: ready for connections. Version: '8.0.27'  socket: '/var/run/mysqld/mysqld.sock'  port: 0  MySQL Community Server - GPL.
2021-12-22T17:05:29.556313+09:00 13 [System] [MY-013172] [Server] Received SHUTDOWN from user root. Shutting down mysqld (Version: 8.0.27).
2021-12-22T17:05:30.552148+09:00 0 [System] [MY-010910] [Server] /usr/sbin/mysqld: Shutdown complete (mysqld 8.0.27)  MySQL Community Server - GPL.
2021-12-22T17:05:30.803968+09:00 0 [Warning] [MY-010918] [Server] 'default_authentication_plugin' is deprecated and will be removed in a future release. Please use authentication_policy instead.
2021-12-22T17:05:30.803990+09:00 0 [System] [MY-010116] [Server] /usr/sbin/mysqld (mysqld 8.0.27) starting as process 1
2021-12-22T17:05:30.816877+09:00 1 [System] [MY-013576] [InnoDB] InnoDB initialization has started.
2021-12-22T17:05:30.963447+09:00 1 [System] [MY-013577] [InnoDB] InnoDB initialization has ended.
2021-12-22T17:05:31.154544+09:00 0 [Warning] [MY-013746] [Server] A deprecated TLS version TLSv1 is enabled for channel mysql_main
2021-12-22T17:05:31.155825+09:00 0 [Warning] [MY-013746] [Server] A deprecated TLS version TLSv1.1 is enabled for channel mysql_main
2021-12-22T17:05:31.157244+09:00 0 [Warning] [MY-010068] [Server] CA certificate ca.pem is self signed.
2021-12-22T17:05:31.157920+09:00 0 [System] [MY-013602] [Server] Channel mysql_main configured to support TLS. Encrypted connections are now supported for this channel.
2021-12-22T17:05:31.159492+09:00 0 [Warning] [MY-011810] [Server] Insecure configuration for --pid-file: Location '/var/run/mysqld' in the path is accessible to all OS users. Consider choosing a different directory.
2021-12-22T17:05:31.180171+09:00 0 [System] [MY-011323] [Server] X Plugin ready for connections. Bind-address: '::' port: 33060, socket: /var/run/mysqld/mysqlx.sock
2021-12-22T17:05:31.180272+09:00 0 [System] [MY-010931] [Server] /usr/sbin/mysqld: ready for connections. Version: '8.0.27'  socket: '/var/run/mysqld/mysqld.sock'  port: 3306  MySQL Community Server - GPL.
2021-12-22T21:25:52.647117+09:00 0 [System] [MY-013172] [Server] Received SHUTDOWN from user <via user signal>. Shutting down mysqld (Version: 8.0.27).
2021-12-22T21:25:54.107924+09:00 0 [System] [MY-010910] [Server] /usr/sbin/mysqld: Shutdown complete (mysqld 8.0.27)  MySQL Community Server - GPL.
2021-12-22T21:36:39.917417+09:00 0 [Warning] [MY-010918] [Server] 'default_authentication_plugin' is deprecated and will be removed in a future release. Please use authentication_policy instead.
2021-12-22T21:36:39.917463+09:00 0 [System] [MY-013169] [Server] /usr/sbin/mysqld (mysqld 8.0.27) initializing of server in progress as process 43
2021-12-22T21:36:39.929139+09:00 1 [System] [MY-013576] [InnoDB] InnoDB initialization has started.
2021-12-22T21:36:40.322979+09:00 1 [System] [MY-013577] [InnoDB] InnoDB initialization has ended.
2021-12-22T21:36:41.621245+09:00 0 [Warning] [MY-013746] [Server] A deprecated TLS version TLSv1 is enabled for channel mysql_main
2021-12-22T21:36:41.622058+09:00 0 [Warning] [MY-013746] [Server] A deprecated TLS version TLSv1.1 is enabled for channel mysql_main
2021-12-22T21:36:41.787702+09:00 6 [Warning] [MY-010453] [Server] root@localhost is created with an empty password ! Please consider switching off the --initialize-insecure option.
2021-12-22T21:36:50.735496+09:00 0 [Warning] [MY-010918] [Server] 'default_authentication_plugin' is deprecated and will be removed in a future release. Please use authentication_policy instead.
2021-12-22T21:36:50.735556+09:00 0 [System] [MY-010116] [Server] /usr/sbin/mysqld (mysqld 8.0.27) starting as process 92
2021-12-22T21:36:50.758009+09:00 1 [System] [MY-013576] [InnoDB] InnoDB initialization has started.
2021-12-22T21:36:50.918037+09:00 1 [System] [MY-013577] [InnoDB] InnoDB initialization has ended.
2021-12-22T21:36:51.203069+09:00 0 [Warning] [MY-013746] [Server] A deprecated TLS version TLSv1 is enabled for channel mysql_main
2021-12-22T21:36:51.204404+09:00 0 [Warning] [MY-013746] [Server] A deprecated TLS version TLSv1.1 is enabled for channel mysql_main
2021-12-22T21:36:51.206072+09:00 0 [Warning] [MY-010068] [Server] CA certificate ca.pem is self signed.
2021-12-22T21:36:51.206759+09:00 0 [System] [MY-013602] [Server] Channel mysql_main configured to support TLS. Encrypted connections are now supported for this channel.
2021-12-22T21:36:51.209408+09:00 0 [Warning] [MY-011810] [Server] Insecure configuration for --pid-file: Location '/var/run/mysqld' in the path is accessible to all OS users. Consider choosing a different directory.
2021-12-22T21:36:51.253366+09:00 0 [System] [MY-011323] [Server] X Plugin ready for connections. Socket: /var/run/mysqld/mysqlx.sock
2021-12-22T21:36:51.253840+09:00 0 [System] [MY-010931] [Server] /usr/sbin/mysqld: ready for connections. Version: '8.0.27'  socket: '/var/run/mysqld/mysqld.sock'  port: 0  MySQL Community Server - GPL.
2021-12-22T21:37:01.433427+09:00 13 [System] [MY-013172] [Server] Received SHUTDOWN from user root. Shutting down mysqld (Version: 8.0.27).
2021-12-22T21:37:02.796055+09:00 0 [System] [MY-010910] [Server] /usr/sbin/mysqld: Shutdown complete (mysqld 8.0.27)  MySQL Community Server - GPL.
2021-12-22T21:37:03.686783+09:00 0 [Warning] [MY-010918] [Server] 'default_authentication_plugin' is deprecated and will be removed in a future release. Please use authentication_policy instead.
2021-12-22T21:37:03.686844+09:00 0 [System] [MY-010116] [Server] /usr/sbin/mysqld (mysqld 8.0.27) starting as process 1
2021-12-22T21:37:03.701627+09:00 1 [System] [MY-013576] [InnoDB] InnoDB initialization has started.
2021-12-22T21:37:03.861528+09:00 1 [System] [MY-013577] [InnoDB] InnoDB initialization has ended.
2021-12-22T21:37:04.113868+09:00 0 [Warning] [MY-013746] [Server] A deprecated TLS version TLSv1 is enabled for channel mysql_main
2021-12-22T21:37:04.114950+09:00 0 [Warning] [MY-013746] [Server] A deprecated TLS version TLSv1.1 is enabled for channel mysql_main
2021-12-22T21:37:04.116662+09:00 0 [Warning] [MY-010068] [Server] CA certificate ca.pem is self signed.
2021-12-22T21:37:04.117480+09:00 0 [System] [MY-013602] [Server] Channel mysql_main configured to support TLS. Encrypted connections are now supported for this channel.
2021-12-22T21:37:04.120399+09:00 0 [Warning] [MY-011810] [Server] Insecure configuration for --pid-file: Location '/var/run/mysqld' in the path is accessible to all OS users. Consider choosing a different directory.
2021-12-22T21:37:04.154651+09:00 0 [System] [MY-011323] [Server] X Plugin ready for connections. Bind-address: '::' port: 33060, socket: /var/run/mysqld/mysqlx.sock
2021-12-22T21:37:04.155029+09:00 0 [System] [MY-010931] [Server] /usr/sbin/mysqld: ready for connections. Version: '8.0.27'  socket: '/var/run/mysqld/mysqld.sock'  port: 3306  MySQL Community Server - GPL.
2021-12-22T21:37:12.959887+09:00 0 [System] [MY-013172] [Server] Received SHUTDOWN from user <via user signal>. Shutting down mysqld (Version: 8.0.27).
2021-12-22T21:37:14.479296+09:00 0 [System] [MY-010910] [Server] /usr/sbin/mysqld: Shutdown complete (mysqld 8.0.27)  MySQL Community Server - GPL.
2021-12-22T21:41:31.311093+09:00 0 [Warning] [MY-010918] [Server] 'default_authentication_plugin' is deprecated and will be removed in a future release. Please use authentication_policy instead.
2021-12-22T21:41:31.311147+09:00 0 [System] [MY-013169] [Server] /usr/sbin/mysqld (mysqld 8.0.27) initializing of server in progress as process 42
2021-12-22T21:41:31.322206+09:00 1 [System] [MY-013576] [InnoDB] InnoDB initialization has started.
2021-12-22T21:41:31.741545+09:00 1 [System] [MY-013577] [InnoDB] InnoDB initialization has ended.
2021-12-22T21:41:32.928639+09:00 0 [Warning] [MY-013746] [Server] A deprecated TLS version TLSv1 is enabled for channel mysql_main
2021-12-22T21:41:32.929451+09:00 0 [Warning] [MY-013746] [Server] A deprecated TLS version TLSv1.1 is enabled for channel mysql_main
2021-12-22T21:41:33.072199+09:00 6 [Warning] [MY-010453] [Server] root@localhost is created with an empty password ! Please consider switching off the --initialize-insecure option.
2021-12-22T21:41:43.146029+09:00 0 [Warning] [MY-010918] [Server] 'default_authentication_plugin' is deprecated and will be removed in a future release. Please use authentication_policy instead.
2021-12-22T21:41:43.146196+09:00 0 [System] [MY-010116] [Server] /usr/sbin/mysqld (mysqld 8.0.27) starting as process 91
2021-12-22T21:41:43.167611+09:00 1 [System] [MY-013576] [InnoDB] InnoDB initialization has started.
2021-12-22T21:41:43.363184+09:00 1 [System] [MY-013577] [InnoDB] InnoDB initialization has ended.
2021-12-22T21:41:43.667211+09:00 0 [Warning] [MY-013746] [Server] A deprecated TLS version TLSv1 is enabled for channel mysql_main
2021-12-22T21:41:43.668274+09:00 0 [Warning] [MY-013746] [Server] A deprecated TLS version TLSv1.1 is enabled for channel mysql_main
2021-12-22T21:41:43.670055+09:00 0 [Warning] [MY-010068] [Server] CA certificate ca.pem is self signed.
2021-12-22T21:41:43.670997+09:00 0 [System] [MY-013602] [Server] Channel mysql_main configured to support TLS. Encrypted connections are now supported for this channel.
2021-12-22T21:41:43.674295+09:00 0 [Warning] [MY-011810] [Server] Insecure configuration for --pid-file: Location '/var/run/mysqld' in the path is accessible to all OS users. Consider choosing a different directory.
2021-12-22T21:41:43.723502+09:00 0 [System] [MY-011323] [Server] X Plugin ready for connections. Socket: /var/run/mysqld/mysqlx.sock
2021-12-22T21:41:43.723545+09:00 0 [System] [MY-010931] [Server] /usr/sbin/mysqld: ready for connections. Version: '8.0.27'  socket: '/var/run/mysqld/mysqld.sock'  port: 0  MySQL Community Server - GPL.
2021-12-22T21:49:05.969139+09:00 0 [Warning] [MY-010918] [Server] 'default_authentication_plugin' is deprecated and will be removed in a future release. Please use authentication_policy instead.
2021-12-22T21:49:05.969246+09:00 0 [System] [MY-013169] [Server] /usr/sbin/mysqld (mysqld 8.0.27) initializing of server in progress as process 43
2021-12-22T21:49:05.983718+09:00 1 [System] [MY-013576] [InnoDB] InnoDB initialization has started.
2021-12-22T21:49:06.443453+09:00 1 [System] [MY-013577] [InnoDB] InnoDB initialization has ended.
2021-12-22T21:49:07.602948+09:00 0 [Warning] [MY-013746] [Server] A deprecated TLS version TLSv1 is enabled for channel mysql_main
2021-12-22T21:49:07.603842+09:00 0 [Warning] [MY-013746] [Server] A deprecated TLS version TLSv1.1 is enabled for channel mysql_main
2021-12-22T21:49:07.617710+09:00 6 [Warning] [MY-010453] [Server] root@localhost is created with an empty password ! Please consider switching off the --initialize-insecure option.
2021-12-22T21:49:16.816830+09:00 0 [Warning] [MY-010918] [Server] 'default_authentication_plugin' is deprecated and will be removed in a future release. Please use authentication_policy instead.
2021-12-22T21:49:16.816886+09:00 0 [System] [MY-010116] [Server] /usr/sbin/mysqld (mysqld 8.0.27) starting as process 92
2021-12-22T21:49:16.840308+09:00 1 [System] [MY-013576] [InnoDB] InnoDB initialization has started.
2021-12-22T21:49:17.006899+09:00 1 [System] [MY-013577] [InnoDB] InnoDB initialization has ended.
2021-12-22T21:49:17.290429+09:00 0 [Warning] [MY-013746] [Server] A deprecated TLS version TLSv1 is enabled for channel mysql_main
2021-12-22T21:49:17.291429+09:00 0 [Warning] [MY-013746] [Server] A deprecated TLS version TLSv1.1 is enabled for channel mysql_main
2021-12-22T21:49:17.292913+09:00 0 [Warning] [MY-010068] [Server] CA certificate ca.pem is self signed.
2021-12-22T21:49:17.293663+09:00 0 [System] [MY-013602] [Server] Channel mysql_main configured to support TLS. Encrypted connections are now supported for this channel.
2021-12-22T21:49:17.296163+09:00 0 [Warning] [MY-011810] [Server] Insecure configuration for --pid-file: Location '/var/run/mysqld' in the path is accessible to all OS users. Consider choosing a different directory.
2021-12-22T21:49:17.337445+09:00 0 [System] [MY-010931] [Server] /usr/sbin/mysqld: ready for connections. Version: '8.0.27'  socket: '/var/run/mysqld/mysqld.sock'  port: 0  MySQL Community Server - GPL.
2021-12-22T21:49:17.337487+09:00 0 [System] [MY-011323] [Server] X Plugin ready for connections. Socket: /var/run/mysqld/mysqlx.sock
2021-12-22T21:49:28.851220+09:00 13 [System] [MY-013172] [Server] Received SHUTDOWN from user root. Shutting down mysqld (Version: 8.0.27).
2021-12-22T21:49:29.894784+09:00 0 [System] [MY-010910] [Server] /usr/sbin/mysqld: Shutdown complete (mysqld 8.0.27)  MySQL Community Server - GPL.
2021-12-22T21:49:31.143570+09:00 0 [Warning] [MY-010918] [Server] 'default_authentication_plugin' is deprecated and will be removed in a future release. Please use authentication_policy instead.
2021-12-22T21:49:31.143731+09:00 0 [System] [MY-010116] [Server] /usr/sbin/mysqld (mysqld 8.0.27) starting as process 1
2021-12-22T21:49:31.162280+09:00 1 [System] [MY-013576] [InnoDB] InnoDB initialization has started.
2021-12-22T21:49:31.383082+09:00 1 [System] [MY-013577] [InnoDB] InnoDB initialization has ended.
2021-12-22T21:49:31.688135+09:00 0 [Warning] [MY-013746] [Server] A deprecated TLS version TLSv1 is enabled for channel mysql_main
2021-12-22T21:49:31.688879+09:00 0 [Warning] [MY-013746] [Server] A deprecated TLS version TLSv1.1 is enabled for channel mysql_main
2021-12-22T21:49:31.691374+09:00 0 [Warning] [MY-010068] [Server] CA certificate ca.pem is self signed.
2021-12-22T21:49:31.692231+09:00 0 [System] [MY-013602] [Server] Channel mysql_main configured to support TLS. Encrypted connections are now supported for this channel.
2021-12-22T21:49:31.695478+09:00 0 [Warning] [MY-011810] [Server] Insecure configuration for --pid-file: Location '/var/run/mysqld' in the path is accessible to all OS users. Consider choosing a different directory.
2021-12-22T21:49:31.731894+09:00 0 [System] [MY-011323] [Server] X Plugin ready for connections. Bind-address: '::' port: 33060, socket: /var/run/mysqld/mysqlx.sock
2021-12-22T21:49:31.732031+09:00 0 [System] [MY-010931] [Server] /usr/sbin/mysqld: ready for connections. Version: '8.0.27'  socket: '/var/run/mysqld/mysqld.sock'  port: 3306  MySQL Community Server - GPL.
2021-12-22T21:49:56.714927+09:00 0 [System] [MY-013172] [Server] Received SHUTDOWN from user <via user signal>. Shutting down mysqld (Version: 8.0.27).
2021-12-22T21:49:58.056993+09:00 0 [System] [MY-010910] [Server] /usr/sbin/mysqld: Shutdown complete (mysqld 8.0.27)  MySQL Community Server - GPL.
2021-12-22T21:50:11.461227+09:00 0 [Warning] [MY-010918] [Server] 'default_authentication_plugin' is deprecated and will be removed in a future release. Please use authentication_policy instead.
2021-12-22T21:50:11.461274+09:00 0 [System] [MY-013169] [Server] /usr/sbin/mysqld (mysqld 8.0.27) initializing of server in progress as process 42
2021-12-22T21:50:11.473791+09:00 1 [System] [MY-013576] [InnoDB] InnoDB initialization has started.
2021-12-22T21:50:11.949987+09:00 1 [System] [MY-013577] [InnoDB] InnoDB initialization has ended.
2021-12-22T21:50:13.358774+09:00 0 [Warning] [MY-013746] [Server] A deprecated TLS version TLSv1 is enabled for channel mysql_main
2021-12-22T21:50:13.359917+09:00 0 [Warning] [MY-013746] [Server] A deprecated TLS version TLSv1.1 is enabled for channel mysql_main
2021-12-22T21:50:13.466997+09:00 6 [Warning] [MY-010453] [Server] root@localhost is created with an empty password ! Please consider switching off the --initialize-insecure option.
2021-12-22T21:50:23.432561+09:00 0 [Warning] [MY-010918] [Server] 'default_authentication_plugin' is deprecated and will be removed in a future release. Please use authentication_policy instead.
2021-12-22T21:50:23.432720+09:00 0 [System] [MY-010116] [Server] /usr/sbin/mysqld (mysqld 8.0.27) starting as process 91
2021-12-22T21:50:23.459076+09:00 1 [System] [MY-013576] [InnoDB] InnoDB initialization has started.
2021-12-22T21:50:23.664267+09:00 1 [System] [MY-013577] [InnoDB] InnoDB initialization has ended.
2021-12-22T21:50:23.975633+09:00 0 [Warning] [MY-013746] [Server] A deprecated TLS version TLSv1 is enabled for channel mysql_main
2021-12-22T21:50:23.976717+09:00 0 [Warning] [MY-013746] [Server] A deprecated TLS version TLSv1.1 is enabled for channel mysql_main
2021-12-22T21:50:23.978546+09:00 0 [Warning] [MY-010068] [Server] CA certificate ca.pem is self signed.
2021-12-22T21:50:23.979399+09:00 0 [System] [MY-013602] [Server] Channel mysql_main configured to support TLS. Encrypted connections are now supported for this channel.
2021-12-22T21:50:23.982232+09:00 0 [Warning] [MY-011810] [Server] Insecure configuration for --pid-file: Location '/var/run/mysqld' in the path is accessible to all OS users. Consider choosing a different directory.
2021-12-22T21:50:24.029792+09:00 0 [System] [MY-010931] [Server] /usr/sbin/mysqld: ready for connections. Version: '8.0.27'  socket: '/var/run/mysqld/mysqld.sock'  port: 0  MySQL Community Server - GPL.
2021-12-22T21:50:24.029675+09:00 0 [System] [MY-011323] [Server] X Plugin ready for connections. Socket: /var/run/mysqld/mysqlx.sock
2021-12-22T21:50:34.971817+09:00 13 [System] [MY-013172] [Server] Received SHUTDOWN from user root. Shutting down mysqld (Version: 8.0.27).
2021-12-22T21:50:36.558152+09:00 0 [System] [MY-010910] [Server] /usr/sbin/mysqld: Shutdown complete (mysqld 8.0.27)  MySQL Community Server - GPL.
2021-12-22T21:50:37.253449+09:00 0 [Warning] [MY-010918] [Server] 'default_authentication_plugin' is deprecated and will be removed in a future release. Please use authentication_policy instead.
2021-12-22T21:50:37.253510+09:00 0 [System] [MY-010116] [Server] /usr/sbin/mysqld (mysqld 8.0.27) starting as process 1
2021-12-22T21:50:37.267892+09:00 1 [System] [MY-013576] [InnoDB] InnoDB initialization has started.
2021-12-22T21:50:37.431238+09:00 1 [System] [MY-013577] [InnoDB] InnoDB initialization has ended.
2021-12-22T21:50:37.686101+09:00 0 [Warning] [MY-013746] [Server] A deprecated TLS version TLSv1 is enabled for channel mysql_main
2021-12-22T21:50:37.687079+09:00 0 [Warning] [MY-013746] [Server] A deprecated TLS version TLSv1.1 is enabled for channel mysql_main
2021-12-22T21:50:37.688754+09:00 0 [Warning] [MY-010068] [Server] CA certificate ca.pem is self signed.
2021-12-22T21:50:37.689787+09:00 0 [System] [MY-013602] [Server] Channel mysql_main configured to support TLS. Encrypted connections are now supported for this channel.
2021-12-22T21:50:37.692650+09:00 0 [Warning] [MY-011810] [Server] Insecure configuration for --pid-file: Location '/var/run/mysqld' in the path is accessible to all OS users. Consider choosing a different directory.
2021-12-22T21:50:37.722413+09:00 0 [System] [MY-011323] [Server] X Plugin ready for connections. Bind-address: '::' port: 33060, socket: /var/run/mysqld/mysqlx.sock
2021-12-22T21:50:37.722696+09:00 0 [System] [MY-010931] [Server] /usr/sbin/mysqld: ready for connections. Version: '8.0.27'  socket: '/var/run/mysqld/mysqld.sock'  port: 3306  MySQL Community Server - GPL.
2021-12-22T21:50:39.195692+09:00 0 [System] [MY-013172] [Server] Received SHUTDOWN from user <via user signal>. Shutting down mysqld (Version: 8.0.27).
2021-12-22T21:50:40.081416+09:00 0 [System] [MY-010910] [Server] /usr/sbin/mysqld: Shutdown complete (mysqld 8.0.27)  MySQL Community Server - GPL.
2021-12-22T21:50:47.854620+09:00 0 [Warning] [MY-010918] [Server] 'default_authentication_plugin' is deprecated and will be removed in a future release. Please use authentication_policy instead.
2021-12-22T21:50:47.854662+09:00 0 [System] [MY-013169] [Server] /usr/sbin/mysqld (mysqld 8.0.27) initializing of server in progress as process 43
2021-12-22T21:50:47.866010+09:00 1 [System] [MY-013576] [InnoDB] InnoDB initialization has started.
2021-12-22T21:50:48.296667+09:00 1 [System] [MY-013577] [InnoDB] InnoDB initialization has ended.
2021-12-22T21:50:49.643902+09:00 0 [Warning] [MY-013746] [Server] A deprecated TLS version TLSv1 is enabled for channel mysql_main
2021-12-22T21:50:49.644797+09:00 0 [Warning] [MY-013746] [Server] A deprecated TLS version TLSv1.1 is enabled for channel mysql_main
2021-12-22T21:50:49.672882+09:00 6 [Warning] [MY-010453] [Server] root@localhost is created with an empty password ! Please consider switching off the --initialize-insecure option.
2021-12-22T21:51:00.834219+09:00 0 [Warning] [MY-010918] [Server] 'default_authentication_plugin' is deprecated and will be removed in a future release. Please use authentication_policy instead.
2021-12-22T21:51:00.834305+09:00 0 [System] [MY-010116] [Server] /usr/sbin/mysqld (mysqld 8.0.27) starting as process 92
2021-12-22T21:51:00.866043+09:00 1 [System] [MY-013576] [InnoDB] InnoDB initialization has started.
2021-12-22T21:51:01.073923+09:00 1 [System] [MY-013577] [InnoDB] InnoDB initialization has ended.
2021-12-22T21:51:01.434585+09:00 0 [Warning] [MY-013746] [Server] A deprecated TLS version TLSv1 is enabled for channel mysql_main
2021-12-22T21:51:01.435626+09:00 0 [Warning] [MY-013746] [Server] A deprecated TLS version TLSv1.1 is enabled for channel mysql_main
2021-12-22T21:51:01.437233+09:00 0 [Warning] [MY-010068] [Server] CA certificate ca.pem is self signed.
2021-12-22T21:51:01.438042+09:00 0 [System] [MY-013602] [Server] Channel mysql_main configured to support TLS. Encrypted connections are now supported for this channel.
2021-12-22T21:51:01.440855+09:00 0 [Warning] [MY-011810] [Server] Insecure configuration for --pid-file: Location '/var/run/mysqld' in the path is accessible to all OS users. Consider choosing a different directory.
2021-12-22T21:51:01.498005+09:00 0 [System] [MY-011323] [Server] X Plugin ready for connections. Socket: /var/run/mysqld/mysqlx.sock
2021-12-22T21:51:01.498797+09:00 0 [System] [MY-010931] [Server] /usr/sbin/mysqld: ready for connections. Version: '8.0.27'  socket: '/var/run/mysqld/mysqld.sock'  port: 0  MySQL Community Server - GPL.
2021-12-22T21:51:14.265620+09:00 13 [System] [MY-013172] [Server] Received SHUTDOWN from user root. Shutting down mysqld (Version: 8.0.27).
2021-12-22T21:51:15.948466+09:00 0 [System] [MY-010910] [Server] /usr/sbin/mysqld: Shutdown complete (mysqld 8.0.27)  MySQL Community Server - GPL.
2021-12-22T21:51:16.554518+09:00 0 [Warning] [MY-010918] [Server] 'default_authentication_plugin' is deprecated and will be removed in a future release. Please use authentication_policy instead.
2021-12-22T21:51:16.554673+09:00 0 [System] [MY-010116] [Server] /usr/sbin/mysqld (mysqld 8.0.27) starting as process 1
2021-12-22T21:51:16.578111+09:00 1 [System] [MY-013576] [InnoDB] InnoDB initialization has started.
2021-12-22T21:51:16.750507+09:00 1 [System] [MY-013577] [InnoDB] InnoDB initialization has ended.
2021-12-22T21:51:17.052942+09:00 0 [Warning] [MY-013746] [Server] A deprecated TLS version TLSv1 is enabled for channel mysql_main
2021-12-22T21:51:17.053926+09:00 0 [Warning] [MY-013746] [Server] A deprecated TLS version TLSv1.1 is enabled for channel mysql_main
2021-12-22T21:51:17.055689+09:00 0 [Warning] [MY-010068] [Server] CA certificate ca.pem is self signed.
2021-12-22T21:51:17.056449+09:00 0 [System] [MY-013602] [Server] Channel mysql_main configured to support TLS. Encrypted connections are now supported for this channel.
2021-12-22T21:51:17.059368+09:00 0 [Warning] [MY-011810] [Server] Insecure configuration for --pid-file: Location '/var/run/mysqld' in the path is accessible to all OS users. Consider choosing a different directory.
2021-12-22T21:51:17.096937+09:00 0 [System] [MY-011323] [Server] X Plugin ready for connections. Bind-address: '::' port: 33060, socket: /var/run/mysqld/mysqlx.sock
2021-12-22T21:51:17.097046+09:00 0 [System] [MY-010931] [Server] /usr/sbin/mysqld: ready for connections. Version: '8.0.27'  socket: '/var/run/mysqld/mysqld.sock'  port: 3306  MySQL Community Server - GPL.
2021-12-22T21:56:02.410526+09:00 0 [System] [MY-013172] [Server] Received SHUTDOWN from user <via user signal>. Shutting down mysqld (Version: 8.0.27).
2021-12-22T21:56:03.667425+09:00 0 [System] [MY-010910] [Server] /usr/sbin/mysqld: Shutdown complete (mysqld 8.0.27)  MySQL Community Server - GPL.
2021-12-22T21:56:15.921759+09:00 0 [Warning] [MY-010918] [Server] 'default_authentication_plugin' is deprecated and will be removed in a future release. Please use authentication_policy instead.
2021-12-22T21:56:15.921806+09:00 0 [System] [MY-013169] [Server] /usr/sbin/mysqld (mysqld 8.0.27) initializing of server in progress as process 43
2021-12-22T21:56:15.933051+09:00 1 [System] [MY-013576] [InnoDB] InnoDB initialization has started.
2021-12-22T21:56:16.357807+09:00 1 [System] [MY-013577] [InnoDB] InnoDB initialization has ended.
2021-12-22T21:56:17.437087+09:00 0 [Warning] [MY-013746] [Server] A deprecated TLS version TLSv1 is enabled for channel mysql_main
2021-12-22T21:56:17.437947+09:00 0 [Warning] [MY-013746] [Server] A deprecated TLS version TLSv1.1 is enabled for channel mysql_main
2021-12-22T21:56:17.491586+09:00 6 [Warning] [MY-010453] [Server] root@localhost is created with an empty password ! Please consider switching off the --initialize-insecure option.
2021-12-22T21:56:27.779711+09:00 0 [Warning] [MY-010918] [Server] 'default_authentication_plugin' is deprecated and will be removed in a future release. Please use authentication_policy instead.
2021-12-22T21:56:27.779773+09:00 0 [System] [MY-010116] [Server] /usr/sbin/mysqld (mysqld 8.0.27) starting as process 92
2021-12-22T21:56:27.803083+09:00 1 [System] [MY-013576] [InnoDB] InnoDB initialization has started.
2021-12-22T21:56:27.993501+09:00 1 [System] [MY-013577] [InnoDB] InnoDB initialization has ended.
2021-12-22T21:56:28.318870+09:00 0 [Warning] [MY-013746] [Server] A deprecated TLS version TLSv1 is enabled for channel mysql_main
2021-12-22T21:56:28.319778+09:00 0 [Warning] [MY-013746] [Server] A deprecated TLS version TLSv1.1 is enabled for channel mysql_main
2021-12-22T21:56:28.321951+09:00 0 [Warning] [MY-010068] [Server] CA certificate ca.pem is self signed.
2021-12-22T21:56:28.322769+09:00 0 [System] [MY-013602] [Server] Channel mysql_main configured to support TLS. Encrypted connections are now supported for this channel.
2021-12-22T21:56:28.325135+09:00 0 [Warning] [MY-011810] [Server] Insecure configuration for --pid-file: Location '/var/run/mysqld' in the path is accessible to all OS users. Consider choosing a different directory.
2021-12-22T21:56:28.373692+09:00 0 [System] [MY-011323] [Server] X Plugin ready for connections. Socket: /var/run/mysqld/mysqlx.sock
2021-12-22T21:56:28.373764+09:00 0 [System] [MY-010931] [Server] /usr/sbin/mysqld: ready for connections. Version: '8.0.27'  socket: '/var/run/mysqld/mysqld.sock'  port: 0  MySQL Community Server - GPL.
2021-12-22T21:56:39.307696+09:00 13 [System] [MY-013172] [Server] Received SHUTDOWN from user root. Shutting down mysqld (Version: 8.0.27).
2021-12-22T21:56:40.852503+09:00 0 [System] [MY-010910] [Server] /usr/sbin/mysqld: Shutdown complete (mysqld 8.0.27)  MySQL Community Server - GPL.
2021-12-22T21:56:41.567315+09:00 0 [Warning] [MY-010918] [Server] 'default_authentication_plugin' is deprecated and will be removed in a future release. Please use authentication_policy instead.
2021-12-22T21:56:41.567395+09:00 0 [System] [MY-010116] [Server] /usr/sbin/mysqld (mysqld 8.0.27) starting as process 1
2021-12-22T21:56:41.589695+09:00 1 [System] [MY-013576] [InnoDB] InnoDB initialization has started.
2021-12-22T21:56:41.804835+09:00 1 [System] [MY-013577] [InnoDB] InnoDB initialization has ended.
2021-12-22T21:56:42.132333+09:00 0 [Warning] [MY-013746] [Server] A deprecated TLS version TLSv1 is enabled for channel mysql_main
2021-12-22T21:56:42.133146+09:00 0 [Warning] [MY-013746] [Server] A deprecated TLS version TLSv1.1 is enabled for channel mysql_main
2021-12-22T21:56:42.134824+09:00 0 [Warning] [MY-010068] [Server] CA certificate ca.pem is self signed.
2021-12-22T21:56:42.135648+09:00 0 [System] [MY-013602] [Server] Channel mysql_main configured to support TLS. Encrypted connections are now supported for this channel.
2021-12-22T21:56:42.138258+09:00 0 [Warning] [MY-011810] [Server] Insecure configuration for --pid-file: Location '/var/run/mysqld' in the path is accessible to all OS users. Consider choosing a different directory.
2021-12-22T21:56:42.172840+09:00 0 [System] [MY-011323] [Server] X Plugin ready for connections. Bind-address: '::' port: 33060, socket: /var/run/mysqld/mysqlx.sock
2021-12-22T21:56:42.173041+09:00 0 [System] [MY-010931] [Server] /usr/sbin/mysqld: ready for connections. Version: '8.0.27'  socket: '/var/run/mysqld/mysqld.sock'  port: 3306  MySQL Community Server - GPL.
2021-12-22T22:01:21.066387+09:00 0 [System] [MY-013172] [Server] Received SHUTDOWN from user <via user signal>. Shutting down mysqld (Version: 8.0.27).
2021-12-22T22:01:21.707731+09:00 0 [System] [MY-010910] [Server] /usr/sbin/mysqld: Shutdown complete (mysqld 8.0.27)  MySQL Community Server - GPL.
2021-12-22T22:01:36.126745+09:00 0 [Warning] [MY-010918] [Server] 'default_authentication_plugin' is deprecated and will be removed in a future release. Please use authentication_policy instead.
2021-12-22T22:01:36.126799+09:00 0 [System] [MY-013169] [Server] /usr/sbin/mysqld (mysqld 8.0.27) initializing of server in progress as process 42
2021-12-22T22:01:36.140380+09:00 1 [System] [MY-013576] [InnoDB] InnoDB initialization has started.
2021-12-22T22:01:36.565243+09:00 1 [System] [MY-013577] [InnoDB] InnoDB initialization has ended.
2021-12-22T22:01:37.650664+09:00 0 [Warning] [MY-013746] [Server] A deprecated TLS version TLSv1 is enabled for channel mysql_main
2021-12-22T22:01:37.652009+09:00 0 [Warning] [MY-013746] [Server] A deprecated TLS version TLSv1.1 is enabled for channel mysql_main
2021-12-22T22:01:37.724354+09:00 6 [Warning] [MY-010453] [Server] root@localhost is created with an empty password ! Please consider switching off the --initialize-insecure option.
2021-12-22T22:01:46.951544+09:00 0 [Warning] [MY-010918] [Server] 'default_authentication_plugin' is deprecated and will be removed in a future release. Please use authentication_policy instead.
2021-12-22T22:01:46.951608+09:00 0 [System] [MY-010116] [Server] /usr/sbin/mysqld (mysqld 8.0.27) starting as process 91
2021-12-22T22:01:46.979740+09:00 1 [System] [MY-013576] [InnoDB] InnoDB initialization has started.
2021-12-22T22:01:47.153699+09:00 1 [System] [MY-013577] [InnoDB] InnoDB initialization has ended.
2021-12-22T22:01:47.444987+09:00 0 [Warning] [MY-013746] [Server] A deprecated TLS version TLSv1 is enabled for channel mysql_main
2021-12-22T22:01:47.445935+09:00 0 [Warning] [MY-013746] [Server] A deprecated TLS version TLSv1.1 is enabled for channel mysql_main
2021-12-22T22:01:47.447957+09:00 0 [Warning] [MY-010068] [Server] CA certificate ca.pem is self signed.
2021-12-22T22:01:47.448889+09:00 0 [System] [MY-013602] [Server] Channel mysql_main configured to support TLS. Encrypted connections are now supported for this channel.
2021-12-22T22:01:47.451822+09:00 0 [Warning] [MY-011810] [Server] Insecure configuration for --pid-file: Location '/var/run/mysqld' in the path is accessible to all OS users. Consider choosing a different directory.
2021-12-22T22:01:47.499865+09:00 0 [System] [MY-011323] [Server] X Plugin ready for connections. Socket: /var/run/mysqld/mysqlx.sock
2021-12-22T22:01:47.500199+09:00 0 [System] [MY-010931] [Server] /usr/sbin/mysqld: ready for connections. Version: '8.0.27'  socket: '/var/run/mysqld/mysqld.sock'  port: 0  MySQL Community Server - GPL.
2021-12-22T22:01:58.987504+09:00 13 [System] [MY-013172] [Server] Received SHUTDOWN from user root. Shutting down mysqld (Version: 8.0.27).
2021-12-22T22:02:00.027353+09:00 0 [System] [MY-010910] [Server] /usr/sbin/mysqld: Shutdown complete (mysqld 8.0.27)  MySQL Community Server - GPL.
2021-12-22T22:02:01.244294+09:00 0 [Warning] [MY-010918] [Server] 'default_authentication_plugin' is deprecated and will be removed in a future release. Please use authentication_policy instead.
2021-12-22T22:02:01.244360+09:00 0 [System] [MY-010116] [Server] /usr/sbin/mysqld (mysqld 8.0.27) starting as process 1
2021-12-22T22:02:01.260530+09:00 1 [System] [MY-013576] [InnoDB] InnoDB initialization has started.
2021-12-22T22:02:01.416145+09:00 1 [System] [MY-013577] [InnoDB] InnoDB initialization has ended.
2021-12-22T22:02:01.667797+09:00 0 [Warning] [MY-013746] [Server] A deprecated TLS version TLSv1 is enabled for channel mysql_main
2021-12-22T22:02:01.668999+09:00 0 [Warning] [MY-013746] [Server] A deprecated TLS version TLSv1.1 is enabled for channel mysql_main
2021-12-22T22:02:01.671064+09:00 0 [Warning] [MY-010068] [Server] CA certificate ca.pem is self signed.
2021-12-22T22:02:01.672244+09:00 0 [System] [MY-013602] [Server] Channel mysql_main configured to support TLS. Encrypted connections are now supported for this channel.
2021-12-22T22:02:01.676222+09:00 0 [Warning] [MY-011810] [Server] Insecure configuration for --pid-file: Location '/var/run/mysqld' in the path is accessible to all OS users. Consider choosing a different directory.
2021-12-22T22:02:01.711375+09:00 0 [System] [MY-011323] [Server] X Plugin ready for connections. Bind-address: '::' port: 33060, socket: /var/run/mysqld/mysqlx.sock
2021-12-22T22:02:01.711520+09:00 0 [System] [MY-010931] [Server] /usr/sbin/mysqld: ready for connections. Version: '8.0.27'  socket: '/var/run/mysqld/mysqld.sock'  port: 3306  MySQL Community Server - GPL.
2021-12-22T22:08:43.059840+09:00 0 [System] [MY-013172] [Server] Received SHUTDOWN from user <via user signal>. Shutting down mysqld (Version: 8.0.27).
2021-12-22T22:08:44.371658+09:00 0 [System] [MY-010910] [Server] /usr/sbin/mysqld: Shutdown complete (mysqld 8.0.27)  MySQL Community Server - GPL.
2021-12-23T11:49:11.506886+09:00 0 [Warning] [MY-010918] [Server] 'default_authentication_plugin' is deprecated and will be removed in a future release. Please use authentication_policy instead.
2021-12-23T11:49:11.506928+09:00 0 [System] [MY-013169] [Server] /usr/sbin/mysqld (mysqld 8.0.27) initializing of server in progress as process 43
2021-12-23T11:49:11.517864+09:00 1 [System] [MY-013576] [InnoDB] InnoDB initialization has started.
2021-12-23T11:49:11.890574+09:00 1 [System] [MY-013577] [InnoDB] InnoDB initialization has ended.
2021-12-23T11:49:13.064903+09:00 0 [Warning] [MY-013746] [Server] A deprecated TLS version TLSv1 is enabled for channel mysql_main
2021-12-23T11:49:13.065735+09:00 0 [Warning] [MY-013746] [Server] A deprecated TLS version TLSv1.1 is enabled for channel mysql_main
2021-12-23T11:49:13.171191+09:00 6 [Warning] [MY-010453] [Server] root@localhost is created with an empty password ! Please consider switching off the --initialize-insecure option.
2021-12-23T11:49:22.321834+09:00 0 [Warning] [MY-010918] [Server] 'default_authentication_plugin' is deprecated and will be removed in a future release. Please use authentication_policy instead.
2021-12-23T11:49:22.321895+09:00 0 [System] [MY-010116] [Server] /usr/sbin/mysqld (mysqld 8.0.27) starting as process 92
2021-12-23T11:49:22.343125+09:00 1 [System] [MY-013576] [InnoDB] InnoDB initialization has started.
2021-12-23T11:49:22.514303+09:00 1 [System] [MY-013577] [InnoDB] InnoDB initialization has ended.
2021-12-23T11:49:22.802753+09:00 0 [Warning] [MY-013746] [Server] A deprecated TLS version TLSv1 is enabled for channel mysql_main
2021-12-23T11:49:22.803664+09:00 0 [Warning] [MY-013746] [Server] A deprecated TLS version TLSv1.1 is enabled for channel mysql_main
2021-12-23T11:49:22.806400+09:00 0 [Warning] [MY-010068] [Server] CA certificate ca.pem is self signed.
2021-12-23T11:49:22.807200+09:00 0 [System] [MY-013602] [Server] Channel mysql_main configured to support TLS. Encrypted connections are now supported for this channel.
2021-12-23T11:49:22.809948+09:00 0 [Warning] [MY-011810] [Server] Insecure configuration for --pid-file: Location '/var/run/mysqld' in the path is accessible to all OS users. Consider choosing a different directory.
2021-12-23T11:49:22.851053+09:00 0 [System] [MY-011323] [Server] X Plugin ready for connections. Socket: /var/run/mysqld/mysqlx.sock
2021-12-23T11:49:22.851218+09:00 0 [System] [MY-010931] [Server] /usr/sbin/mysqld: ready for connections. Version: '8.0.27'  socket: '/var/run/mysqld/mysqld.sock'  port: 0  MySQL Community Server - GPL.
2021-12-23T11:49:32.629513+09:00 13 [System] [MY-013172] [Server] Received SHUTDOWN from user root. Shutting down mysqld (Version: 8.0.27).
2021-12-23T11:49:34.354200+09:00 0 [System] [MY-010910] [Server] /usr/sbin/mysqld: Shutdown complete (mysqld 8.0.27)  MySQL Community Server - GPL.
2021-12-23T11:49:34.892959+09:00 0 [Warning] [MY-010918] [Server] 'default_authentication_plugin' is deprecated and will be removed in a future release. Please use authentication_policy instead.
2021-12-23T11:49:34.893020+09:00 0 [System] [MY-010116] [Server] /usr/sbin/mysqld (mysqld 8.0.27) starting as process 1
2021-12-23T11:49:34.906109+09:00 1 [System] [MY-013576] [InnoDB] InnoDB initialization has started.
2021-12-23T11:49:35.058032+09:00 1 [System] [MY-013577] [InnoDB] InnoDB initialization has ended.
2021-12-23T11:49:35.311936+09:00 0 [Warning] [MY-013746] [Server] A deprecated TLS version TLSv1 is enabled for channel mysql_main
2021-12-23T11:49:35.312877+09:00 0 [Warning] [MY-013746] [Server] A deprecated TLS version TLSv1.1 is enabled for channel mysql_main
2021-12-23T11:49:35.314324+09:00 0 [Warning] [MY-010068] [Server] CA certificate ca.pem is self signed.
2021-12-23T11:49:35.315167+09:00 0 [System] [MY-013602] [Server] Channel mysql_main configured to support TLS. Encrypted connections are now supported for this channel.
2021-12-23T11:49:35.317914+09:00 0 [Warning] [MY-011810] [Server] Insecure configuration for --pid-file: Location '/var/run/mysqld' in the path is accessible to all OS users. Consider choosing a different directory.
2021-12-23T11:49:35.346376+09:00 0 [System] [MY-011323] [Server] X Plugin ready for connections. Bind-address: '::' port: 33060, socket: /var/run/mysqld/mysqlx.sock
2021-12-23T11:49:35.346513+09:00 0 [System] [MY-010931] [Server] /usr/sbin/mysqld: ready for connections. Version: '8.0.27'  socket: '/var/run/mysqld/mysqld.sock'  port: 3306  MySQL Community Server - GPL.
2021-12-23T14:06:27.594287+09:00 0 [System] [MY-013172] [Server] Received SHUTDOWN from user <via user signal>. Shutting down mysqld (Version: 8.0.27).
2021-12-23T14:06:28.747134+09:00 0 [System] [MY-010910] [Server] /usr/sbin/mysqld: Shutdown complete (mysqld 8.0.27)  MySQL Community Server - GPL.
2021-12-23T14:10:15.378810+09:00 0 [Warning] [MY-010918] [Server] 'default_authentication_plugin' is deprecated and will be removed in a future release. Please use authentication_policy instead.
2021-12-23T14:10:15.379289+09:00 0 [System] [MY-013169] [Server] /usr/sbin/mysqld (mysqld 8.0.27) initializing of server in progress as process 44
2021-12-23T14:10:15.394480+09:00 1 [System] [MY-013576] [InnoDB] InnoDB initialization has started.
2021-12-23T14:10:15.817030+09:00 1 [System] [MY-013577] [InnoDB] InnoDB initialization has ended.
2021-12-23T14:10:16.856288+09:00 0 [Warning] [MY-013746] [Server] A deprecated TLS version TLSv1 is enabled for channel mysql_main
2021-12-23T14:10:16.857175+09:00 0 [Warning] [MY-013746] [Server] A deprecated TLS version TLSv1.1 is enabled for channel mysql_main
2021-12-23T14:10:16.882476+09:00 6 [Warning] [MY-010453] [Server] root@localhost is created with an empty password ! Please consider switching off the --initialize-insecure option.
2021-12-23T14:10:26.335322+09:00 0 [Warning] [MY-010918] [Server] 'default_authentication_plugin' is deprecated and will be removed in a future release. Please use authentication_policy instead.
2021-12-23T14:10:26.335394+09:00 0 [System] [MY-010116] [Server] /usr/sbin/mysqld (mysqld 8.0.27) starting as process 93
2021-12-23T14:10:26.363812+09:00 1 [System] [MY-013576] [InnoDB] InnoDB initialization has started.
2021-12-23T14:10:26.584550+09:00 1 [System] [MY-013577] [InnoDB] InnoDB initialization has ended.
2021-12-23T14:10:26.891748+09:00 0 [Warning] [MY-013746] [Server] A deprecated TLS version TLSv1 is enabled for channel mysql_main
2021-12-23T14:10:26.892586+09:00 0 [Warning] [MY-013746] [Server] A deprecated TLS version TLSv1.1 is enabled for channel mysql_main
2021-12-23T14:10:26.895766+09:00 0 [Warning] [MY-010068] [Server] CA certificate ca.pem is self signed.
2021-12-23T14:10:26.896687+09:00 0 [System] [MY-013602] [Server] Channel mysql_main configured to support TLS. Encrypted connections are now supported for this channel.
2021-12-23T14:10:26.899616+09:00 0 [Warning] [MY-011810] [Server] Insecure configuration for --pid-file: Location '/var/run/mysqld' in the path is accessible to all OS users. Consider choosing a different directory.
2021-12-23T14:10:26.948940+09:00 0 [System] [MY-010931] [Server] /usr/sbin/mysqld: ready for connections. Version: '8.0.27'  socket: '/var/run/mysqld/mysqld.sock'  port: 0  MySQL Community Server - GPL.
2021-12-23T14:10:26.950327+09:00 0 [System] [MY-011323] [Server] X Plugin ready for connections. Socket: /var/run/mysqld/mysqlx.sock
2021-12-23T14:10:37.698207+09:00 13 [System] [MY-013172] [Server] Received SHUTDOWN from user root. Shutting down mysqld (Version: 8.0.27).
2021-12-23T14:10:39.481791+09:00 0 [System] [MY-010910] [Server] /usr/sbin/mysqld: Shutdown complete (mysqld 8.0.27)  MySQL Community Server - GPL.
2021-12-23T14:10:39.976785+09:00 0 [Warning] [MY-010918] [Server] 'default_authentication_plugin' is deprecated and will be removed in a future release. Please use authentication_policy instead.
2021-12-23T14:10:39.976857+09:00 0 [System] [MY-010116] [Server] /usr/sbin/mysqld (mysqld 8.0.27) starting as process 1
2021-12-23T14:10:39.993268+09:00 1 [System] [MY-013576] [InnoDB] InnoDB initialization has started.
2021-12-23T14:10:40.181890+09:00 1 [System] [MY-013577] [InnoDB] InnoDB initialization has ended.
2021-12-23T14:10:40.441283+09:00 0 [Warning] [MY-013746] [Server] A deprecated TLS version TLSv1 is enabled for channel mysql_main
2021-12-23T14:10:40.442428+09:00 0 [Warning] [MY-013746] [Server] A deprecated TLS version TLSv1.1 is enabled for channel mysql_main
2021-12-23T14:10:40.443918+09:00 0 [Warning] [MY-010068] [Server] CA certificate ca.pem is self signed.
2021-12-23T14:10:40.444620+09:00 0 [System] [MY-013602] [Server] Channel mysql_main configured to support TLS. Encrypted connections are now supported for this channel.
2021-12-23T14:10:40.447278+09:00 0 [Warning] [MY-011810] [Server] Insecure configuration for --pid-file: Location '/var/run/mysqld' in the path is accessible to all OS users. Consider choosing a different directory.
2021-12-23T14:10:40.480721+09:00 0 [System] [MY-011323] [Server] X Plugin ready for connections. Bind-address: '::' port: 33060, socket: /var/run/mysqld/mysqlx.sock
2021-12-23T14:10:40.480791+09:00 0 [System] [MY-010931] [Server] /usr/sbin/mysqld: ready for connections. Version: '8.0.27'  socket: '/var/run/mysqld/mysqld.sock'  port: 3306  MySQL Community Server - GPL.
2021-12-23T14:11:30.582564+09:00 0 [System] [MY-013172] [Server] Received SHUTDOWN from user <via user signal>. Shutting down mysqld (Version: 8.0.27).
2021-12-23T14:11:31.825233+09:00 0 [System] [MY-010910] [Server] /usr/sbin/mysqld: Shutdown complete (mysqld 8.0.27)  MySQL Community Server - GPL.
2021-12-23T14:11:32.787452+09:00 0 [Warning] [MY-010918] [Server] 'default_authentication_plugin' is deprecated and will be removed in a future release. Please use authentication_policy instead.
2021-12-23T14:11:32.787515+09:00 0 [System] [MY-010116] [Server] /usr/sbin/mysqld (mysqld 8.0.27) starting as process 1
2021-12-23T14:11:32.800549+09:00 1 [System] [MY-013576] [InnoDB] InnoDB initialization has started.
2021-12-23T14:11:32.953053+09:00 1 [System] [MY-013577] [InnoDB] InnoDB initialization has ended.
2021-12-23T14:11:33.195434+09:00 0 [Warning] [MY-013746] [Server] A deprecated TLS version TLSv1 is enabled for channel mysql_main
2021-12-23T14:11:33.196651+09:00 0 [Warning] [MY-013746] [Server] A deprecated TLS version TLSv1.1 is enabled for channel mysql_main
2021-12-23T14:11:33.198815+09:00 0 [Warning] [MY-010068] [Server] CA certificate ca.pem is self signed.
2021-12-23T14:11:33.199557+09:00 0 [System] [MY-013602] [Server] Channel mysql_main configured to support TLS. Encrypted connections are now supported for this channel.
2021-12-23T14:11:33.202449+09:00 0 [Warning] [MY-011810] [Server] Insecure configuration for --pid-file: Location '/var/run/mysqld' in the path is accessible to all OS users. Consider choosing a different directory.
2021-12-23T14:11:33.238673+09:00 0 [System] [MY-011323] [Server] X Plugin ready for connections. Bind-address: '::' port: 33060, socket: /var/run/mysqld/mysqlx.sock
2021-12-23T14:11:33.238861+09:00 0 [System] [MY-010931] [Server] /usr/sbin/mysqld: ready for connections. Version: '8.0.27'  socket: '/var/run/mysqld/mysqld.sock'  port: 3306  MySQL Community Server - GPL.
2021-12-23T14:11:48.067733+09:00 0 [System] [MY-013172] [Server] Received SHUTDOWN from user <via user signal>. Shutting down mysqld (Version: 8.0.27).
2021-12-23T14:11:49.608656+09:00 0 [System] [MY-010910] [Server] /usr/sbin/mysqld: Shutdown complete (mysqld 8.0.27)  MySQL Community Server - GPL.
2021-12-23T14:11:54.095177+09:00 0 [Warning] [MY-010918] [Server] 'default_authentication_plugin' is deprecated and will be removed in a future release. Please use authentication_policy instead.
2021-12-23T14:11:54.095224+09:00 0 [System] [MY-013169] [Server] /usr/sbin/mysqld (mysqld 8.0.27) initializing of server in progress as process 42
2021-12-23T14:11:54.106216+09:00 1 [System] [MY-013576] [InnoDB] InnoDB initialization has started.
2021-12-23T14:11:54.621640+09:00 1 [System] [MY-013577] [InnoDB] InnoDB initialization has ended.
2021-12-23T14:11:55.941758+09:00 0 [Warning] [MY-013746] [Server] A deprecated TLS version TLSv1 is enabled for channel mysql_main
2021-12-23T14:11:55.943533+09:00 0 [Warning] [MY-013746] [Server] A deprecated TLS version TLSv1.1 is enabled for channel mysql_main
2021-12-23T14:11:55.968162+09:00 6 [Warning] [MY-010453] [Server] root@localhost is created with an empty password ! Please consider switching off the --initialize-insecure option.
2021-12-23T14:12:06.160768+09:00 0 [Warning] [MY-010918] [Server] 'default_authentication_plugin' is deprecated and will be removed in a future release. Please use authentication_policy instead.
2021-12-23T14:12:06.160844+09:00 0 [System] [MY-010116] [Server] /usr/sbin/mysqld (mysqld 8.0.27) starting as process 91
2021-12-23T14:12:06.200927+09:00 1 [System] [MY-013576] [InnoDB] InnoDB initialization has started.
2021-12-23T14:12:06.434806+09:00 1 [System] [MY-013577] [InnoDB] InnoDB initialization has ended.
2021-12-23T14:12:06.841018+09:00 0 [Warning] [MY-013746] [Server] A deprecated TLS version TLSv1 is enabled for channel mysql_main
2021-12-23T14:12:06.842226+09:00 0 [Warning] [MY-013746] [Server] A deprecated TLS version TLSv1.1 is enabled for channel mysql_main
2021-12-23T14:12:06.843973+09:00 0 [Warning] [MY-010068] [Server] CA certificate ca.pem is self signed.
2021-12-23T14:12:06.844800+09:00 0 [System] [MY-013602] [Server] Channel mysql_main configured to support TLS. Encrypted connections are now supported for this channel.
2021-12-23T14:12:06.847587+09:00 0 [Warning] [MY-011810] [Server] Insecure configuration for --pid-file: Location '/var/run/mysqld' in the path is accessible to all OS users. Consider choosing a different directory.
2021-12-23T14:12:06.917236+09:00 0 [System] [MY-011323] [Server] X Plugin ready for connections. Socket: /var/run/mysqld/mysqlx.sock
2021-12-23T14:12:06.917789+09:00 0 [System] [MY-010931] [Server] /usr/sbin/mysqld: ready for connections. Version: '8.0.27'  socket: '/var/run/mysqld/mysqld.sock'  port: 0  MySQL Community Server - GPL.
2021-12-23T14:12:21.078457+09:00 13 [System] [MY-013172] [Server] Received SHUTDOWN from user root. Shutting down mysqld (Version: 8.0.27).
2021-12-23T14:12:22.399587+09:00 0 [System] [MY-010910] [Server] /usr/sbin/mysqld: Shutdown complete (mysqld 8.0.27)  MySQL Community Server - GPL.
2021-12-23T14:12:23.320215+09:00 0 [Warning] [MY-010918] [Server] 'default_authentication_plugin' is deprecated and will be removed in a future release. Please use authentication_policy instead.
2021-12-23T14:12:23.320277+09:00 0 [System] [MY-010116] [Server] /usr/sbin/mysqld (mysqld 8.0.27) starting as process 1
2021-12-23T14:12:23.333653+09:00 1 [System] [MY-013576] [InnoDB] InnoDB initialization has started.
2021-12-23T14:12:23.491314+09:00 1 [System] [MY-013577] [InnoDB] InnoDB initialization has ended.
2021-12-23T14:12:23.733168+09:00 0 [Warning] [MY-013746] [Server] A deprecated TLS version TLSv1 is enabled for channel mysql_main
2021-12-23T14:12:23.734244+09:00 0 [Warning] [MY-013746] [Server] A deprecated TLS version TLSv1.1 is enabled for channel mysql_main
2021-12-23T14:12:23.735822+09:00 0 [Warning] [MY-010068] [Server] CA certificate ca.pem is self signed.
2021-12-23T14:12:23.736604+09:00 0 [System] [MY-013602] [Server] Channel mysql_main configured to support TLS. Encrypted connections are now supported for this channel.
2021-12-23T14:12:23.739469+09:00 0 [Warning] [MY-011810] [Server] Insecure configuration for --pid-file: Location '/var/run/mysqld' in the path is accessible to all OS users. Consider choosing a different directory.
2021-12-23T14:12:23.769269+09:00 0 [System] [MY-011323] [Server] X Plugin ready for connections. Bind-address: '::' port: 33060, socket: /var/run/mysqld/mysqlx.sock
2021-12-23T14:12:23.769970+09:00 0 [System] [MY-010931] [Server] /usr/sbin/mysqld: ready for connections. Version: '8.0.27'  socket: '/var/run/mysqld/mysqld.sock'  port: 3306  MySQL Community Server - GPL.
2021-12-23T14:17:47.971950+09:00 0 [System] [MY-013172] [Server] Received SHUTDOWN from user <via user signal>. Shutting down mysqld (Version: 8.0.27).
2021-12-23T14:17:49.240205+09:00 0 [System] [MY-010910] [Server] /usr/sbin/mysqld: Shutdown complete (mysqld 8.0.27)  MySQL Community Server - GPL.
